<?xml version="1.0" encoding="UTF-8"?>
<!-- Generated by org.testng.reporters.JUnitReportReporter -->
<testsuite hostname="LAPTOP-FV4H45NT" failures="0" tests="1" name="com.monkey.testCases.TC_MON_06" time="7.545" errors="0" timestamp="19 Oct 2019 20:51:24 GMT" skipped="0">
  <testcase classname="com.monkey.testCases.TC_MON_06" name="dates" time="7.545"/>
</testsuite> <!-- com.monkey.testCases.TC_MON_06 -->
